Call:
coxph(formula = surv ~ exog + strata(strata), ties = ties)

  n= 1000, number of events= 532

            coef exp(coef) se(coef)      z Pr(>|z|)
exogV4  -0.44881   0.63839  0.04603 -9.750  < 2e-16 ***
exogV5  -0.42540   0.65351  0.04624 -9.200  < 2e-16 ***
exogV6  -0.20111   0.81782  0.04361 -4.611 4.00e-06 ***
exogV7  -0.19297   0.82450  0.04412 -4.374 1.22e-05 ***
exogV8  -0.07375   0.92890  0.04493 -1.642 0.100676
exogV9   0.16004   1.17356  0.04543  3.523 0.000427 ***
exogV10  0.16101   1.17470  0.04281  3.761 0.000169 ***
exogV11  0.31391   1.36877  0.04882  6.430 1.28e-10 ***
exogV12  0.41277   1.51100  0.04711  8.763  < 2e-16 ***
exogV13  0.53983   1.71571  0.04961 10.881  < 2e-16 ***
---
Signif. codes:  0 ‘***’ 0.001 ‘**’ 0.01 ‘*’ 0.05 ‘.’ 0.1 ‘ ’ 1

        exp(coef) exp(-coef) lower .95 upper .95
exogV4     0.6384     1.5664    0.5833    0.6987
exogV5     0.6535     1.5302    0.5969    0.7155
exogV6     0.8178     1.2228    0.7508    0.8908
exogV7     0.8245     1.2129    0.7562    0.8990
exogV8     0.9289     1.0765    0.8506    1.0144
exogV9     1.1736     0.8521    1.0736    1.2829
exogV10    1.1747     0.8513    1.0802    1.2775
exogV11    1.3688     0.7306    1.2439    1.5062
exogV12    1.5110     0.6618    1.3777    1.6571
exogV13    1.7157     0.5828    1.5567    1.8909

Concordance= 0.733  (se = 0.033 )
Rsquare= 0.273   (max possible= 0.988 )
Likelihood ratio test= 319.4  on 10 df,   p=0
Wald test            = 293.5  on 10 df,   p=0
Score (logrank) test = 301.4  on 10 df,   p=0
