Call:
coxph(formula = surv ~ exog, ties = ties)

  n= 1000, number of events= 532

            coef exp(coef) se(coef)       z Pr(>|z|)
exogV4  -0.48018   0.61867  0.04574 -10.497  < 2e-16 ***
exogV5  -0.44411   0.64140  0.04536  -9.791  < 2e-16 ***
exogV6  -0.22322   0.79994  0.04205  -5.309 1.10e-07 ***
exogV7  -0.21569   0.80598  0.04400  -4.903 9.46e-07 ***
exogV8  -0.07443   0.92828  0.04400  -1.692   0.0907 .
exogV9   0.17804   1.19487  0.04461   3.991 6.59e-05 ***
exogV10  0.16698   1.18173  0.04206   3.970 7.17e-05 ***
exogV11  0.30813   1.36088  0.04723   6.524 6.84e-11 ***
exogV12  0.46534   1.59255  0.04682   9.938  < 2e-16 ***
exogV13  0.56245   1.75497  0.04892  11.498  < 2e-16 ***
---
Signif. codes:  0 ‘***’ 0.001 ‘**’ 0.01 ‘*’ 0.05 ‘.’ 0.1 ‘ ’ 1

        exp(coef) exp(-coef) lower .95 upper .95
exogV4     0.6187     1.6164    0.5656    0.6767
exogV5     0.6414     1.5591    0.5868    0.7010
exogV6     0.7999     1.2501    0.7367    0.8687
exogV7     0.8060     1.2407    0.7394    0.8786
exogV8     0.9283     1.0773    0.8516    1.0119
exogV9     1.1949     0.8369    1.0948    1.3041
exogV10    1.1817     0.8462    1.0882    1.2833
exogV11    1.3609     0.7348    1.2406    1.4929
exogV12    1.5925     0.6279    1.4529    1.7456
exogV13    1.7550     0.5698    1.5945    1.9316

Concordance= 0.734  (se = 0.015 )
Rsquare= 0.304   (max possible= 0.998 )
Likelihood ratio test= 362.9  on 10 df,   p=0
Wald test            = 344.8  on 10 df,   p=0
Score (logrank) test = 344.5  on 10 df,   p=0
